<?xml version="1.0" encoding="UTF-8"?>
<!-- Generated by org.testng.reporters.JUnitReportReporter -->
<testsuite hostname="DESKTOP-FQLSSQR" failures="0" tests="1" name="Cucumber.TestNGTestRunner" time="7.913" errors="1" timestamp="2025-08-10T13:26:51 SAST" skipped="0">
  <testcase classname="Cucumber.TestNGTestRunner" name="runScenario" time="7.913">
    <error message="The step &#039;Logged in with username odwamzimba@gmail.com and password Luphawu2024&#039; and 1 other step(s) are undefined.
You can implement these steps using the snippet(s) below:

@Given(&quot;Logged in with username odwamzimba@gmail.com and password Luphawu2024&quot;)
public void logged_in_with_username_odwamzimba_gmail_com_and_password_luphawu2024() {
    // Write code here that turns the phrase above into concrete actions
    throw new io.cucumber.java.PendingException();
}
@When(&quot;I add product &lt;productName&gt; to Cart&quot;)
public void i_add_product_product_name_to_cart() {
    // Write code here that turns the phrase above into concrete actions
    throw new io.cucumber.java.PendingException();
}
" type="io.cucumber.testng.UndefinedStepException">
      <![CDATA[io.cucumber.testng.UndefinedStepException: The step 'Logged in with username odwamzimba@gmail.com and password Luphawu2024' and 1 other step(s) are undefined.
You can implement these steps using the snippet(s) below:

@Given("Logged in with username odwamzimba@gmail.com and password Luphawu2024")
public void logged_in_with_username_odwamzimba_gmail_com_and_password_luphawu2024() {
    // Write code here that turns the phrase above into concrete actions
    throw new io.cucumber.java.PendingException();
}
@When("I add product <productName> to Cart")
public void i_add_product_product_name_to_cart() {
    // Write code here that turns the phrase above into concrete actions
    throw new io.cucumber.java.PendingException();
}

at âœ½.Logged in with username odwamzimba@gmail.com and password Luphawu2024(file:///C:/Users/Lindokuhle%20Makanda/eclipse-workspace/SeleniumFrameworkDesign/src/test/java/Cucumber/SubmitOrder.feature:9)
]]>
    </error>
  </testcase> <!-- runScenario -->
</testsuite> <!-- Cucumber.TestNGTestRunner -->
